{
  "RSpec": {
    "coverage": {
      "/Users/leonlinton/Desktop/Projects/MakersBnB/spec/backend/features/listing_a_space_spec.rb": [
        1,
        1,
        1,
        1,
        1,
        0,
        null,
        0,
        null,
        null
      ],
      "/Users/leonlinton/Desktop/Projects/MakersBnB/spec/backend/features/sign_up_spec.rb": [
        1,
        null,
        1,
        null,
        1,
        1,
        1,
        null,
        null
      ]
    },
    "timestamp": 1562075855
  }
}
