{
  "RSpec": {
    "coverage": {
      "/Users/student/Desktop/Desktop/projects/Week6/MakersBnB/spec/backend/features/sign_up_spec.rb": [
        1,
        null,
        1,
        null,
        1,
        1,
        1,
        null,
        null,
        1,
        1,
        1,
        1,
        1,
        null,
        null,
        1,
        1,
        1,
        1,
        1,
        null,
        null,
        null,
        1,
        1,
        1,
        null,
        null
      ]
    },
    "timestamp": 1562079872
  }
}
